0 info it worked if it ends with ok
1 verbose cli [ '/usr/local/bin/node',
1 verbose cli   '/usr/local/bin/npm',
1 verbose cli   'run-script',
1 verbose cli   'deploy' ]
2 info using npm@3.9.5
3 info using node@v4.4.5
4 verbose run-script [ 'predeploy', 'deploy', 'postdeploy' ]
5 info lifecycle setupaws@0.0.1~predeploy: setupaws@0.0.1
6 silly lifecycle setupaws@0.0.1~predeploy: no script for predeploy, continuing
7 info lifecycle setupaws@0.0.1~deploy: setupaws@0.0.1
8 verbose lifecycle setupaws@0.0.1~deploy: unsafe-perm in lifecycle true
9 verbose lifecycle setupaws@0.0.1~deploy: PATH: /usr/local/lib/node_modules/npm/bin/node-gyp-bin:/Users/jason.dumont/Desktop/settingUpAws/node_modules/.bin:/usr/local/bin:/usr/bin:/bin:/usr/sbin:/sbin:/usr/local/bin
10 verbose lifecycle setupaws@0.0.1~deploy: CWD: /Users/jason.dumont/Desktop/settingUpAws
11 silly lifecycle setupaws@0.0.1~deploy: Args: [ '-c', 'pm2 deploy ecosystem.config.js production' ]
12 silly lifecycle setupaws@0.0.1~deploy: Returned: code: 1  signal: null
13 info lifecycle setupaws@0.0.1~deploy: Failed to exec deploy script
14 verbose stack Error: setupaws@0.0.1 deploy: `pm2 deploy ecosystem.config.js production`
14 verbose stack Exit status 1
14 verbose stack     at EventEmitter.<anonymous> (/usr/local/lib/node_modules/npm/lib/utils/lifecycle.js:245:16)
14 verbose stack     at emitTwo (events.js:87:13)
14 verbose stack     at EventEmitter.emit (events.js:172:7)
14 verbose stack     at ChildProcess.<anonymous> (/usr/local/lib/node_modules/npm/lib/utils/spawn.js:24:14)
14 verbose stack     at emitTwo (events.js:87:13)
14 verbose stack     at ChildProcess.emit (events.js:172:7)
14 verbose stack     at maybeClose (internal/child_process.js:827:16)
14 verbose stack     at Process.ChildProcess._handle.onexit (internal/child_process.js:211:5)
15 verbose pkgid setupaws@0.0.1
16 verbose cwd /Users/jason.dumont/Desktop/settingUpAws
17 error Darwin 16.3.0
18 error argv "/usr/local/bin/node" "/usr/local/bin/npm" "run-script" "deploy"
19 error node v4.4.5
20 error npm  v3.9.5
21 error code ELIFECYCLE
22 error setupaws@0.0.1 deploy: `pm2 deploy ecosystem.config.js production`
22 error Exit status 1
23 error Failed at the setupaws@0.0.1 deploy script 'pm2 deploy ecosystem.config.js production'.
23 error Make sure you have the latest version of node.js and npm installed.
23 error If you do, this is most likely a problem with the setupaws package,
23 error not with npm itself.
23 error Tell the author that this fails on your system:
23 error     pm2 deploy ecosystem.config.js production
23 error You can get information on how to open an issue for this project with:
23 error     npm bugs setupaws
23 error Or if that isn't available, you can get their info via:
23 error     npm owner ls setupaws
23 error There is likely additional logging output above.
24 verbose exit [ 1, true ]
